Using pre-set license
Built from '2020.3/release' branch; Version is '2020.3.31f1 (6b54b7616050) revision 7034039'; Using compiler version '192528614'; Build Type 'Release'
OS: 'Windows 10  (10.0.19044) 64bit CoreSingleLanguage' Language: 'es' Physical Memory: 5708 MB
BatchMode: 1, IsHumanControllingUs: 0, StartBugReporterOnCrash: 0, Is64bit: 1, IsPro: 0

COMMAND LINE ARGUMENTS:
C:\Program Files\Unity\Hub\Editor\2020.3.31f1\Editor\Unity.exe
-adb2
-batchMode
-noUpm
-name
AssetImportWorker12
-projectPath
C:/Users/Lukas/Documents/ICV2022-1_ProyectoFinal/ICV2022-1_ProyectoFinal
-logFile
Logs/AssetImportWorker12.log
-srvPort
61424
Successfully changed project path to: C:/Users/Lukas/Documents/ICV2022-1_ProyectoFinal/ICV2022-1_ProyectoFinal
C:/Users/Lukas/Documents/ICV2022-1_ProyectoFinal/ICV2022-1_ProyectoFinal
Using Asset Import Pipeline V2.
Refreshing native plugins compatible for Editor in 1934.57 ms, found 2 plugins.
Preloading 0 native plugins for Editor in 0.00 ms.
Initialize engine version: 2020.3.31f1 (6b54b7616050)
[Subsystems] Discovering subsystems at path C:/Program Files/Unity/Hub/Editor/2020.3.31f1/Editor/Data/Resources/UnitySubsystems
[Subsystems] Discovering subsystems at path C:/Users/Lukas/Documents/ICV2022-1_ProyectoFinal/ICV2022-1_ProyectoFinal/Assets
GfxDevice: creating device client; threaded=0
Direct3D:
    Version:  Direct3D 11.0 [level 11.1]
    Renderer: AMD Radeon(TM) R4 Graphics (ID=0x98e4)
    Vendor:   
    VRAM:     377 MB
    Driver:   21.19.149.1
